Determining if the pthread_create exist failed with the following output:
Change Dir: /home/mtan/robocup_packages/move_robots/build/CMakeFiles/CMakeTmp

Run Build Command:"/usr/bin/make" "cmTC_20298/fast"
/usr/bin/make -f CMakeFiles/cmTC_20298.dir/build.make CMakeFiles/cmTC_20298.dir/build
make[1]: Entering directory '/home/mtan/robocup_packages/move_robots/build/CMakeFiles/CMakeTmp'
Building C object CMakeFiles/cmTC_20298.dir/CheckSymbolExists.c.o
/usr/bin/cc     -o CMakeFiles/cmTC_20298.dir/CheckSymbolExists.c.o   -c /home/mtan/robocup_packages/move_robots/build/CMakeFiles/CMakeTmp/CheckSymbolExists.c
Linking C executable cmTC_20298
/usr/bin/cmake -E cmake_link_script CMakeFiles/cmTC_20298.dir/link.txt --verbose=1
/usr/bin/cc       CMakeFiles/cmTC_20298.dir/CheckSymbolExists.c.o  -o cmTC_20298 -rdynamic 
CMakeFiles/cmTC_20298.dir/CheckSymbolExists.c.o: In function `main':
CheckSymbolExists.c:(.text+0x16): undefined reference to `pthread_create'
collect2: error: ld returned 1 exit status
CMakeFiles/cmTC_20298.dir/build.make:97: recipe for target 'cmTC_20298' failed
make[1]: *** [cmTC_20298] Error 1
make[1]: Leaving directory '/home/mtan/robocup_packages/move_robots/build/CMakeFiles/CMakeTmp'
Makefile:126: recipe for target 'cmTC_20298/fast' failed
make: *** [cmTC_20298/fast] Error 2

File /home/mtan/robocup_packages/move_robots/build/CMakeFiles/CMakeTmp/CheckSymbolExists.c:
/* */
#include <pthread.h>

int main(int argc, char** argv)
{
  (void)argv;
#ifndef pthread_create
  return ((int*)(&pthread_create))[argc];
#else
  (void)argc;
  return 0;
#endif
}

Determining if the function pthread_create exists in the pthreads failed with the following output:
Change Dir: /home/mtan/robocup_packages/move_robots/build/CMakeFiles/CMakeTmp

Run Build Command:"/usr/bin/make" "cmTC_d7ce0/fast"
/usr/bin/make -f CMakeFiles/cmTC_d7ce0.dir/build.make CMakeFiles/cmTC_d7ce0.dir/build
make[1]: Entering directory '/home/mtan/robocup_packages/move_robots/build/CMakeFiles/CMakeTmp'
Building C object CMakeFiles/cmTC_d7ce0.dir/CheckFunctionExists.c.o
/usr/bin/cc    -DCHECK_FUNCTION_EXISTS=pthread_create   -o CMakeFiles/cmTC_d7ce0.dir/CheckFunctionExists.c.o   -c /usr/share/cmake-3.5/Modules/CheckFunctionExists.c
Linking C executable cmTC_d7ce0
/usr/bin/cmake -E cmake_link_script CMakeFiles/cmTC_d7ce0.dir/link.txt --verbose=1
/usr/bin/cc   -DCHECK_FUNCTION_EXISTS=pthread_create    CMakeFiles/cmTC_d7ce0.dir/CheckFunctionExists.c.o  -o cmTC_d7ce0 -rdynamic -lpthreads 
/usr/bin/ld: cannot find -lpthreads
collect2: error: ld returned 1 exit status
CMakeFiles/cmTC_d7ce0.dir/build.make:97: recipe for target 'cmTC_d7ce0' failed
make[1]: *** [cmTC_d7ce0] Error 1
make[1]: Leaving directory '/home/mtan/robocup_packages/move_robots/build/CMakeFiles/CMakeTmp'
Makefile:126: recipe for target 'cmTC_d7ce0/fast' failed
make: *** [cmTC_d7ce0/fast] Error 2


Performing C SOURCE FILE Test CMAKE_HAVE_LIBC_PTHREAD failed with the following output:
Change Dir: /home/mtan/robocup_packages/move_robots/build/CMakeFiles/CMakeTmp

Run Build Command(s):/usr/bin/make cmTC_81663/fast && make[1]: Entering directory '/home/mtan/robocup_packages/move_robots/build/CMakeFiles/CMakeTmp'
/usr/bin/make -f CMakeFiles/cmTC_81663.dir/build.make CMakeFiles/cmTC_81663.dir/build
make[2]: Entering directory '/home/mtan/robocup_packages/move_robots/build/CMakeFiles/CMakeTmp'
Building C object CMakeFiles/cmTC_81663.dir/src.c.o
/usr/bin/cc   -DCMAKE_HAVE_LIBC_PTHREAD   -o CMakeFiles/cmTC_81663.dir/src.c.o   -c /home/mtan/robocup_packages/move_robots/build/CMakeFiles/CMakeTmp/src.c
Linking C executable cmTC_81663
/usr/bin/cmake -E cmake_link_script CMakeFiles/cmTC_81663.dir/link.txt --verbose=1
/usr/bin/cc  -DCMAKE_HAVE_LIBC_PTHREAD    -rdynamic CMakeFiles/cmTC_81663.dir/src.c.o  -o cmTC_81663 
/usr/bin/ld: CMakeFiles/cmTC_81663.dir/src.c.o: in function `main':
src.c:(.text+0x3e): undefined reference to `pthread_create'
/usr/bin/ld: src.c:(.text+0x4a): undefined reference to `pthread_detach'
/usr/bin/ld: src.c:(.text+0x5b): undefined reference to `pthread_join'
collect2: error: ld returned 1 exit status
make[2]: *** [CMakeFiles/cmTC_81663.dir/build.make:87: cmTC_81663] Error 1
make[2]: Leaving directory '/home/mtan/robocup_packages/move_robots/build/CMakeFiles/CMakeTmp'
make[1]: *** [Makefile:121: cmTC_81663/fast] Error 2
make[1]: Leaving directory '/home/mtan/robocup_packages/move_robots/build/CMakeFiles/CMakeTmp'


Source file was:
#include <pthread.h>

void* test_func(void* data)
{
  return data;
}

int main(void)
{
  pthread_t thread;
  pthread_create(&thread, NULL, test_func, NULL);
  pthread_detach(thread);
  pthread_join(thread, NULL);
  pthread_atfork(NULL, NULL, NULL);
  pthread_exit(NULL);

  return 0;
}

